TN:
SF:Images/PlantParent.png
FNF:0
FNH:0
DA:1,2
LF:1
LH:1
BRF:0
BRH:0
end_of_record
TN:
SF:Images/p1.jpg
FNF:0
FNH:0
DA:1,1
LF:1
LH:1
BRF:0
BRH:0
end_of_record
TN:
SF:Images/p2.jpg
FNF:0
FNH:0
DA:1,1
LF:1
LH:1
BRF:0
BRH:0
end_of_record
TN:
SF:Images/p3.jpg
FNF:0
FNH:0
DA:1,1
LF:1
LH:1
BRF:0
BRH:0
end_of_record
TN:
SF:Images/p4.jpg
FNF:0
FNH:0
DA:1,1
LF:1
LH:1
BRF:0
BRH:0
end_of_record
TN:
SF:Images/p5.jpg
FNF:0
FNH:0
DA:1,1
LF:1
LH:1
BRF:0
BRH:0
end_of_record
TN:
SF:Images/p6.jpg
FNF:0
FNH:0
DA:1,1
LF:1
LH:1
BRF:0
BRH:0
end_of_record
TN:
SF:screens/CreateAccount.js
FN:14,(anonymous_0)
FN:22,(anonymous_1)
FN:34,(anonymous_2)
FN:49,(anonymous_3)
FN:54,(anonymous_4)
FN:71,(anonymous_5)
FN:81,(anonymous_6)
FN:90,(anonymous_7)
FNF:8
FNH:4
FNDA:3,(anonymous_0)
FNDA:1,(anonymous_1)
FNDA:0,(anonymous_2)
FNDA:3,(anonymous_3)
FNDA:0,(anonymous_4)
FNDA:0,(anonymous_5)
FNDA:0,(anonymous_6)
FNDA:1,(anonymous_7)
DA:15,3
DA:16,3
DA:23,1
DA:24,1
DA:35,0
DA:36,0
DA:37,0
DA:40,0
DA:41,0
DA:43,0
DA:50,3
DA:54,0
DA:72,0
DA:82,0
DA:90,1
DA:102,1
LF:16
LH:7
BRDA:36,0,0,0
BRDA:36,0,1,0
BRDA:40,1,0,0
BRDA:40,1,1,0
BRF:4
BRH:0
end_of_record
TN:
SF:screens/GardenArea.js
FN:26,(anonymous_0)
FN:35,(anonymous_1)
FN:42,(anonymous_2)
FN:53,(anonymous_3)
FN:60,(anonymous_4)
FN:61,(anonymous_5)
FN:64,(anonymous_6)
FNF:7
FNH:2
FNDA:1,(anonymous_0)
FNDA:0,(anonymous_1)
FNDA:0,(anonymous_2)
FNDA:1,(anonymous_3)
FNDA:0,(anonymous_4)
FNDA:0,(anonymous_5)
FNDA:0,(anonymous_6)
DA:11,1
DA:20,1
DA:21,1
DA:27,1
DA:28,1
DA:36,0
DA:37,0
DA:39,0
DA:43,0
DA:44,0
DA:45,0
DA:46,0
DA:48,0
DA:49,0
DA:54,1
DA:60,0
DA:62,0
DA:65,0
DA:87,1
LF:19
LH:7
BRDA:36,0,0,0
BRDA:36,0,1,0
BRF:2
BRH:0
end_of_record
TN:
SF:screens/Login.js
FN:15,(anonymous_0)
FN:24,(anonymous_1)
FN:36,(anonymous_2)
FN:46,(anonymous_3)
FN:51,(anonymous_4)
FN:69,(anonymous_5)
FN:80,(anonymous_6)
FN:88,(anonymous_7)
FN:98,(anonymous_8)
FNF:9
FNH:4
FNDA:6,(anonymous_0)
FNDA:1,(anonymous_1)
FNDA:0,(anonymous_2)
FNDA:0,(anonymous_3)
FNDA:6,(anonymous_4)
FNDA:0,(anonymous_5)
FNDA:0,(anonymous_6)
FNDA:1,(anonymous_7)
FNDA:0,(anonymous_8)
DA:16,6
DA:17,6
DA:25,1
DA:37,0
DA:38,0
DA:39,0
DA:41,0
DA:47,0
DA:52,6
DA:70,0
DA:81,0
DA:88,1
DA:98,0
DA:115,2
LF:14
LH:6
BRDA:38,0,0,0
BRDA:38,0,1,0
BRF:2
BRH:0
end_of_record
