TN:
SF:Images\PlantParent.png
FNF:0
FNH:0
DA:1,1
LF:1
LH:1
BRF:0
BRH:0
end_of_record
TN:
SF:screens\Login.js
FN:16,(anonymous_0)
FN:25,(anonymous_1)
FN:37,(anonymous_2)
FN:47,(anonymous_3)
FN:52,(anonymous_4)
FN:70,(anonymous_5)
FN:81,(anonymous_6)
FN:89,(anonymous_7)
FN:99,(anonymous_8)
FNF:9
FNH:3
FNDA:2,(anonymous_0)
FNDA:1,(anonymous_1)
FNDA:0,(anonymous_2)
FNDA:0,(anonymous_3)
FNDA:2,(anonymous_4)
FNDA:0,(anonymous_5)
FNDA:0,(anonymous_6)
FNDA:0,(anonymous_7)
FNDA:0,(anonymous_8)
DA:13,1
DA:17,2
DA:18,2
DA:26,1
DA:38,0
DA:39,0
DA:40,0
DA:42,0
DA:48,0
DA:53,2
DA:71,0
DA:82,0
DA:89,0
DA:99,0
DA:116,1
LF:15
LH:6
BRDA:39,0,0,0
BRDA:39,0,1,0
BRF:2
BRH:0
end_of_record
